Determining if the Q_WS_WIN exist failed with the following output:
Change Dir: /home/huangliang/PointCloudThread/build/CMakeFiles/CMakeTmp

Run Build Command:"/usr/bin/make" "cmTryCompileExec3659324030/fast"
/usr/bin/make -f CMakeFiles/cmTryCompileExec3659324030.dir/build.make CMakeFiles/cmTryCompileExec3659324030.dir/build
make[1]: 正在进入目录 `/home/huangliang/PointCloudThread/build/CMakeFiles/CMakeTmp'
/usr/bin/cmake -E cmake_progress_report /home/huangliang/PointCloudThread/build/CMakeFiles/CMakeTmp/CMakeFiles 1
Building CXX object CMakeFiles/cmTryCompileExec3659324030.dir/CheckSymbolExists.cxx.o
/usr/bin/c++    -I/usr/include/qt4    -o CMakeFiles/cmTryCompileExec3659324030.dir/CheckSymbolExists.cxx.o -c /home/huangliang/PointCloudThread/build/CMakeFiles/CMakeTmp/CheckSymbolExists.cxx
/home/huangliang/PointCloudThread/build/CMakeFiles/CMakeTmp/CheckSymbolExists.cxx: In function ‘int main(int, char**)’:
/home/huangliang/PointCloudThread/build/CMakeFiles/CMakeTmp/CheckSymbolExists.cxx:8:19: error: ‘Q_WS_WIN’ was not declared in this scope
   return ((int*)(&Q_WS_WIN))[argc];
                   ^
make[1]: *** [CMakeFiles/cmTryCompileExec3659324030.dir/CheckSymbolExists.cxx.o] 错误 1
make[1]:正在离开目录 `/home/huangliang/PointCloudThread/build/CMakeFiles/CMakeTmp'
make: *** [cmTryCompileExec3659324030/fast] 错误 2

File /home/huangliang/PointCloudThread/build/CMakeFiles/CMakeTmp/CheckSymbolExists.cxx:
/* */
#include <QtCore/qglobal.h>

int main(int argc, char** argv)
{
  (void)argv;
#ifndef Q_WS_WIN
  return ((int*)(&Q_WS_WIN))[argc];
#else
  (void)argc;
  return 0;
#endif
}

Determining if the Q_WS_QWS exist failed with the following output:
Change Dir: /home/huangliang/PointCloudThread/build/CMakeFiles/CMakeTmp

Run Build Command:"/usr/bin/make" "cmTryCompileExec3560214806/fast"
/usr/bin/make -f CMakeFiles/cmTryCompileExec3560214806.dir/build.make CMakeFiles/cmTryCompileExec3560214806.dir/build
make[1]: 正在进入目录 `/home/huangliang/PointCloudThread/build/CMakeFiles/CMakeTmp'
/usr/bin/cmake -E cmake_progress_report /home/huangliang/PointCloudThread/build/CMakeFiles/CMakeTmp/CMakeFiles 1
Building CXX object CMakeFiles/cmTryCompileExec3560214806.dir/CheckSymbolExists.cxx.o
/usr/bin/c++    -I/usr/include/qt4    -o CMakeFiles/cmTryCompileExec3560214806.dir/CheckSymbolExists.cxx.o -c /home/huangliang/PointCloudThread/build/CMakeFiles/CMakeTmp/CheckSymbolExists.cxx
/home/huangliang/PointCloudThread/build/CMakeFiles/CMakeTmp/CheckSymbolExists.cxx: In function ‘int main(int, char**)’:
/home/huangliang/PointCloudThread/build/CMakeFiles/CMakeTmp/CheckSymbolExists.cxx:8:19: error: ‘Q_WS_QWS’ was not declared in this scope
   return ((int*)(&Q_WS_QWS))[argc];
                   ^
make[1]:正在离开目录 `/home/huangliang/PointCloudThread/build/CMakeFiles/CMakeTmp'
make[1]: *** [CMakeFiles/cmTryCompileExec3560214806.dir/CheckSymbolExists.cxx.o] 错误 1
make: *** [cmTryCompileExec3560214806/fast] 错误 2

File /home/huangliang/PointCloudThread/build/CMakeFiles/CMakeTmp/CheckSymbolExists.cxx:
/* */
#include <QtCore/qglobal.h>

int main(int argc, char** argv)
{
  (void)argv;
#ifndef Q_WS_QWS
  return ((int*)(&Q_WS_QWS))[argc];
#else
  (void)argc;
  return 0;
#endif
}

Determining if the Q_WS_MAC exist failed with the following output:
Change Dir: /home/huangliang/PointCloudThread/build/CMakeFiles/CMakeTmp

Run Build Command:"/usr/bin/make" "cmTryCompileExec2222011335/fast"
/usr/bin/make -f CMakeFiles/cmTryCompileExec2222011335.dir/build.make CMakeFiles/cmTryCompileExec2222011335.dir/build
make[1]: 正在进入目录 `/home/huangliang/PointCloudThread/build/CMakeFiles/CMakeTmp'
/usr/bin/cmake -E cmake_progress_report /home/huangliang/PointCloudThread/build/CMakeFiles/CMakeTmp/CMakeFiles 1
Building CXX object CMakeFiles/cmTryCompileExec2222011335.dir/CheckSymbolExists.cxx.o
/usr/bin/c++    -I/usr/include/qt4    -o CMakeFiles/cmTryCompileExec2222011335.dir/CheckSymbolExists.cxx.o -c /home/huangliang/PointCloudThread/build/CMakeFiles/CMakeTmp/CheckSymbolExists.cxx
/home/huangliang/PointCloudThread/build/CMakeFiles/CMakeTmp/CheckSymbolExists.cxx: In function ‘int main(int, char**)’:
/home/huangliang/PointCloudThread/build/CMakeFiles/CMakeTmp/CheckSymbolExists.cxx:8:19: error: ‘Q_WS_MAC’ was not declared in this scope
   return ((int*)(&Q_WS_MAC))[argc];
                   ^
make[1]: *** [CMakeFiles/cmTryCompileExec2222011335.dir/CheckSymbolExists.cxx.o] 错误 1
make[1]:正在离开目录 `/home/huangliang/PointCloudThread/build/CMakeFiles/CMakeTmp'
make: *** [cmTryCompileExec2222011335/fast] 错误 2

File /home/huangliang/PointCloudThread/build/CMakeFiles/CMakeTmp/CheckSymbolExists.cxx:
/* */
#include <QtCore/qglobal.h>

int main(int argc, char** argv)
{
  (void)argv;
#ifndef Q_WS_MAC
  return ((int*)(&Q_WS_MAC))[argc];
#else
  (void)argc;
  return 0;
#endif
}

